============================= test session starts ==============================
platform darwin -- Python 3.13.0, pytest-8.3.3, pluggy-1.5.0
rootdir: /Users/kgregorian/packages/pypi_packaging_tutorial
configfile: pyproject.toml
testpaths: tests
plugins: cov-5.0.0
collected 9 items

tests/test_core.py .....                                                 [ 55%]
tests/test_divide.py ..                                                  [ 77%]
tests/test_example.py .                                                  [ 88%]
tests/test_multiply.py .                                                 [100%]

---------- coverage: platform darwin, python 3.13.0-final-0 ----------
Name                                                        Stmts   Miss  Cover   Missing
-----------------------------------------------------------------------------------------
src/pypi_packaging_tutorial/__init__.py                         4      0   100%
src/pypi_packaging_tutorial/core.py                             7      0   100%
src/pypi_packaging_tutorial/divide/__init__.py                  0      0   100%
src/pypi_packaging_tutorial/divide/divide_by_three.py           2      0   100%
src/pypi_packaging_tutorial/example.py                          2      0   100%
src/pypi_packaging_tutorial/multiply/__init__.py                0      0   100%
src/pypi_packaging_tutorial/multiply/multiply_by_three.py       2      0   100%
-----------------------------------------------------------------------------------------
TOTAL                                                          17      0   100%


============================== 9 passed in 0.08s ===============================
